Determining if the pthread_create exist failed with the following output:
Change Dir: /home/jinhkim/workspace/HiREV_Eye_module/HiREV_Eye/build/CMakeFiles/CMakeTmp

Run Build Command:"/usr/bin/make" "cmTC_e0fd2/fast"
/usr/bin/make -f CMakeFiles/cmTC_e0fd2.dir/build.make CMakeFiles/cmTC_e0fd2.dir/build
make[1]: 디렉터리 '/home/jinhkim/workspace/HiREV_Eye_module/HiREV_Eye/build/CMakeFiles/CMakeTmp' 들어감
Building C object CMakeFiles/cmTC_e0fd2.dir/CheckSymbolExists.c.o
/usr/bin/cc    -fPIC    -o CMakeFiles/cmTC_e0fd2.dir/CheckSymbolExists.c.o   -c /home/jinhkim/workspace/HiREV_Eye_module/HiREV_Eye/build/CMakeFiles/CMakeTmp/CheckSymbolExists.c
Linking C executable cmTC_e0fd2
/usr/local/bin/cmake -E cmake_link_script CMakeFiles/cmTC_e0fd2.dir/link.txt --verbose=1
/usr/bin/cc  -fPIC     CMakeFiles/cmTC_e0fd2.dir/CheckSymbolExists.c.o  -o cmTC_e0fd2 -rdynamic 
CMakeFiles/cmTC_e0fd2.dir/CheckSymbolExists.c.o: In function `main':
CheckSymbolExists.c:(.text+0x1b): undefined reference to `pthread_create'
collect2: error: ld returned 1 exit status
CMakeFiles/cmTC_e0fd2.dir/build.make:97: 'cmTC_e0fd2' 타겟에 대한 명령이 실패했습니다
make[1]: *** [cmTC_e0fd2] 오류 1
make[1]: 디렉터리 '/home/jinhkim/workspace/HiREV_Eye_module/HiREV_Eye/build/CMakeFiles/CMakeTmp' 나감
Makefile:126: 'cmTC_e0fd2/fast' 타겟에 대한 명령이 실패했습니다
make: *** [cmTC_e0fd2/fast] 오류 2

File /home/jinhkim/workspace/HiREV_Eye_module/HiREV_Eye/build/CMakeFiles/CMakeTmp/CheckSymbolExists.c:
/* */
#include <pthread.h>

int main(int argc, char** argv)
{
  (void)argv;
#ifndef pthread_create
  return ((int*)(&pthread_create))[argc];
#else
  (void)argc;
  return 0;
#endif
}

Determining if the function pthread_create exists in the pthreads failed with the following output:
Change Dir: /home/jinhkim/workspace/HiREV_Eye_module/HiREV_Eye/build/CMakeFiles/CMakeTmp

Run Build Command:"/usr/bin/make" "cmTC_6040a/fast"
/usr/bin/make -f CMakeFiles/cmTC_6040a.dir/build.make CMakeFiles/cmTC_6040a.dir/build
make[1]: 디렉터리 '/home/jinhkim/workspace/HiREV_Eye_module/HiREV_Eye/build/CMakeFiles/CMakeTmp' 들어감
Building C object CMakeFiles/cmTC_6040a.dir/CheckFunctionExists.c.o
/usr/bin/cc    -fPIC -DCHECK_FUNCTION_EXISTS=pthread_create   -o CMakeFiles/cmTC_6040a.dir/CheckFunctionExists.c.o   -c /usr/local/share/cmake-3.7/Modules/CheckFunctionExists.c
Linking C executable cmTC_6040a
/usr/local/bin/cmake -E cmake_link_script CMakeFiles/cmTC_6040a.dir/link.txt --verbose=1
/usr/bin/cc  -fPIC -DCHECK_FUNCTION_EXISTS=pthread_create    CMakeFiles/cmTC_6040a.dir/CheckFunctionExists.c.o  -o cmTC_6040a -rdynamic -lpthreads 
/usr/bin/ld: cannot find -lpthreads
collect2: error: ld returned 1 exit status
CMakeFiles/cmTC_6040a.dir/build.make:97: 'cmTC_6040a' 타겟에 대한 명령이 실패했습니다
make[1]: *** [cmTC_6040a] 오류 1
make[1]: 디렉터리 '/home/jinhkim/workspace/HiREV_Eye_module/HiREV_Eye/build/CMakeFiles/CMakeTmp' 나감
Makefile:126: 'cmTC_6040a/fast' 타겟에 대한 명령이 실패했습니다
make: *** [cmTC_6040a/fast] 오류 2


